0 info it worked if it ends with ok
1 verbose cli [ '/usr/bin/node',
1 verbose cli   '/usr/bin/npm',
1 verbose cli   'install',
1 verbose cli   'fsevents',
1 verbose cli   '--no-optional' ]
2 info using npm@3.5.2
3 info using node@v8.10.0
4 silly loadCurrentTree Starting
5 silly install loadCurrentTree
6 silly install readLocalPackageData
7 silly fetchPackageMetaData fsevents
8 silly fetchNamedPackageData fsevents
9 silly mapToRegistry name fsevents
10 silly mapToRegistry using default registry
11 silly mapToRegistry registry https://registry.npmjs.org/
12 silly mapToRegistry uri https://registry.npmjs.org/fsevents
13 verbose request uri https://registry.npmjs.org/fsevents
14 verbose request no auth needed
15 info attempt registry request try #1 at 12:52:29 PM
16 verbose request id c52f0e2cf4081c57
17 verbose etag W/"9ff14987b4ec19e977697a4c1d741a18"
18 verbose lastModified Wed, 06 May 2020 17:49:14 GMT
19 http request GET https://registry.npmjs.org/fsevents
20 http 304 https://registry.npmjs.org/fsevents
21 verbose headers { date: 'Thu, 06 Aug 2020 10:52:38 GMT',
21 verbose headers   connection: 'keep-alive',
21 verbose headers   'set-cookie':
21 verbose headers    [ '__cfduid=dd887c4fe6fc4261ae944b71dd234a3a61596711158; expires=Sat, 05-Sep-20 10:52:38 GMT; path=/; domain=.npmjs.org; HttpOnly; SameSite=Lax' ],
21 verbose headers   'cf-ray': '5be835a2ade8fafa-DUS',
21 verbose headers   age: '828',
21 verbose headers   'cache-control': 'public, max-age=300',
21 verbose headers   etag: '"9ff14987b4ec19e977697a4c1d741a18"',
21 verbose headers   'last-modified': 'Wed, 06 May 2020 17:49:14 GMT',
21 verbose headers   vary: 'Accept-Encoding',
21 verbose headers   'cf-cache-status': 'HIT',
21 verbose headers   'cf-request-id': '0464ffd9a80000fafa99a94200000001',
21 verbose headers   'expect-ct': 'max-age=604800, report-uri="https://report-uri.cloudflare.com/cdn-cgi/beacon/expect-ct"',
21 verbose headers   server: 'cloudflare' }
22 silly get cb [ 304,
22 silly get   { date: 'Thu, 06 Aug 2020 10:52:38 GMT',
22 silly get     connection: 'keep-alive',
22 silly get     'set-cookie':
22 silly get      [ '__cfduid=dd887c4fe6fc4261ae944b71dd234a3a61596711158; expires=Sat, 05-Sep-20 10:52:38 GMT; path=/; domain=.npmjs.org; HttpOnly; SameSite=Lax' ],
22 silly get     'cf-ray': '5be835a2ade8fafa-DUS',
22 silly get     age: '828',
22 silly get     'cache-control': 'public, max-age=300',
22 silly get     etag: '"9ff14987b4ec19e977697a4c1d741a18"',
22 silly get     'last-modified': 'Wed, 06 May 2020 17:49:14 GMT',
22 silly get     vary: 'Accept-Encoding',
22 silly get     'cf-cache-status': 'HIT',
22 silly get     'cf-request-id': '0464ffd9a80000fafa99a94200000001',
22 silly get     'expect-ct': 'max-age=604800, report-uri="https://report-uri.cloudflare.com/cdn-cgi/beacon/expect-ct"',
22 silly get     server: 'cloudflare' } ]
23 verbose etag https://registry.npmjs.org/fsevents from cache
24 verbose get saving fsevents to /home/brem/.npm/registry.npmjs.org/fsevents/.cache.json
25 silly install normalizeTree
26 silly loadCurrentTree Finishing
27 silly loadIdealTree Starting
28 silly install loadIdealTree
29 silly cloneCurrentTree Starting
30 silly install cloneCurrentTreeToIdealTree
31 silly cloneCurrentTree Finishing
32 silly loadShrinkwrap Starting
33 silly install loadShrinkwrap
34 silly loadShrinkwrap Finishing
35 silly loadAllDepsIntoIdealTree Starting
36 silly install loadAllDepsIntoIdealTree
37 silly rollbackFailedOptional Starting
38 silly rollbackFailedOptional Finishing
39 silly runTopLevelLifecycles Starting
40 silly runTopLevelLifecycles Finishing
41 silly install printInstalled
42 verbose stack Error: Unsupported
42 verbose stack     at checkPlatform (/usr/share/npm/node_modules/npm-install-checks/index.js:46:14)
42 verbose stack     at Array.<anonymous> (/usr/share/npm/node_modules/slide/lib/bind-actor.js:15:8)
42 verbose stack     at LOOP (/usr/share/npm/node_modules/slide/lib/chain.js:15:14)
42 verbose stack     at /usr/share/npm/node_modules/slide/lib/chain.js:18:7
42 verbose stack     at checkEngine (/usr/share/npm/node_modules/npm-install-checks/index.js:25:10)
42 verbose stack     at Array.<anonymous> (/usr/share/npm/node_modules/slide/lib/bind-actor.js:15:8)
42 verbose stack     at LOOP (/usr/share/npm/node_modules/slide/lib/chain.js:15:14)
42 verbose stack     at chain (/usr/share/npm/node_modules/slide/lib/chain.js:20:5)
42 verbose stack     at module.exports.isInstallable (/usr/share/npm/lib/install/validate-args.js:26:3)
42 verbose stack     at Array.<anonymous> (/usr/share/npm/node_modules/slide/lib/bind-actor.js:15:8)
43 verbose pkgid fsevents@2.1.3
44 verbose cwd /mnt/f/Desktop/Programming shizzle/HGT_vs_DUP
45 error Linux 4.4.0-18362-Microsoft
46 error argv "/usr/bin/node" "/usr/bin/npm" "install" "fsevents" "--no-optional"
47 error node v8.10.0
48 error npm  v3.5.2
49 error code EBADPLATFORM
50 error notsup Not compatible with your operating system or architecture: fsevents@2.1.3
51 error notsup Valid OS:    darwin
51 error notsup Valid Arch:  any
51 error notsup Actual OS:   linux
51 error notsup Actual Arch: x64
52 verbose exit [ 1, true ]
